E, [2020-11-25T18:06:46.384343 #13747] ERROR -- Kitchen: ------Exception-------
E, [2020-11-25T18:06:46.384401 #13747] ERROR -- Kitchen: Class: Kitchen::UserError
E, [2020-11-25T18:06:46.384414 #13747] ERROR -- Kitchen: Message: Kitchen YAML file /home/ddiaz/chef-repo/kitchen.yml does not exist.
E, [2020-11-25T18:06:46.384423 #13747] ERROR -- Kitchen: ----------------------
E, [2020-11-25T18:06:46.384430 #13747] ERROR -- Kitchen: ------Backtrace-------
E, [2020-11-25T18:06:46.384441 #13747] ERROR -- Kitchen: /opt/chef-workstation/embedded/lib/ruby/gems/2.7.0/gems/test-kitchen-2.7.2/lib/kitchen/loader/yaml.rb:64:in `read'
E, [2020-11-25T18:06:46.384448 #13747] ERROR -- Kitchen: /opt/chef-workstation/embedded/lib/ruby/gems/2.7.0/gems/test-kitchen-2.7.2/lib/kitchen/config.rb:153:in `data'
E, [2020-11-25T18:06:46.384455 #13747] ERROR -- Kitchen: /opt/chef-workstation/embedded/lib/ruby/gems/2.7.0/gems/test-kitchen-2.7.2/lib/kitchen/config.rb:131:in `suites'
E, [2020-11-25T18:06:46.384469 #13747] ERROR -- Kitchen: /opt/chef-workstation/embedded/lib/ruby/gems/2.7.0/gems/test-kitchen-2.7.2/lib/kitchen/config.rb:183:in `filter_instances'
E, [2020-11-25T18:06:46.384476 #13747] ERROR -- Kitchen: /opt/chef-workstation/embedded/lib/ruby/gems/2.7.0/gems/test-kitchen-2.7.2/lib/kitchen/config.rb:142:in `build_instances'
E, [2020-11-25T18:06:46.384483 #13747] ERROR -- Kitchen: /opt/chef-workstation/embedded/lib/ruby/gems/2.7.0/gems/test-kitchen-2.7.2/lib/kitchen/config.rb:116:in `instances'
E, [2020-11-25T18:06:46.384490 #13747] ERROR -- Kitchen: /opt/chef-workstation/embedded/lib/ruby/gems/2.7.0/gems/test-kitchen-2.7.2/lib/kitchen/command.rb:109:in `filtered_instances'
E, [2020-11-25T18:06:46.384497 #13747] ERROR -- Kitchen: /opt/chef-workstation/embedded/lib/ruby/gems/2.7.0/gems/test-kitchen-2.7.2/lib/kitchen/command.rb:139:in `parse_subcommand'
E, [2020-11-25T18:06:46.384504 #13747] ERROR -- Kitchen: /opt/chef-workstation/embedded/lib/ruby/gems/2.7.0/gems/test-kitchen-2.7.2/lib/kitchen/command/list.rb:29:in `call'
E, [2020-11-25T18:06:46.384524 #13747] ERROR -- Kitchen: /opt/chef-workstation/embedded/lib/ruby/gems/2.7.0/gems/test-kitchen-2.7.2/lib/kitchen/cli.rb:52:in `perform'
E, [2020-11-25T18:06:46.384532 #13747] ERROR -- Kitchen: /opt/chef-workstation/embedded/lib/ruby/gems/2.7.0/gems/test-kitchen-2.7.2/lib/kitchen/cli.rb:120:in `list'
E, [2020-11-25T18:06:46.384539 #13747] ERROR -- Kitchen: /opt/chef-workstation/embedded/lib/ruby/gems/2.7.0/gems/thor-1.0.1/lib/thor/command.rb:27:in `run'
E, [2020-11-25T18:06:46.384546 #13747] ERROR -- Kitchen: /opt/chef-workstation/embedded/lib/ruby/gems/2.7.0/gems/thor-1.0.1/lib/thor/invocation.rb:127:in `invoke_command'
E, [2020-11-25T18:06:46.384553 #13747] ERROR -- Kitchen: /opt/chef-workstation/embedded/lib/ruby/gems/2.7.0/gems/thor-1.0.1/lib/thor.rb:392:in `dispatch'
E, [2020-11-25T18:06:46.384560 #13747] ERROR -- Kitchen: /opt/chef-workstation/embedded/lib/ruby/gems/2.7.0/gems/thor-1.0.1/lib/thor/base.rb:485:in `start'
E, [2020-11-25T18:06:46.384567 #13747] ERROR -- Kitchen: /opt/chef-workstation/embedded/lib/ruby/gems/2.7.0/gems/test-kitchen-2.7.2/bin/kitchen:11:in `block in <top (required)>'
E, [2020-11-25T18:06:46.384574 #13747] ERROR -- Kitchen: /opt/chef-workstation/embedded/lib/ruby/gems/2.7.0/gems/test-kitchen-2.7.2/lib/kitchen/errors.rb:170:in `with_friendly_errors'
E, [2020-11-25T18:06:46.384581 #13747] ERROR -- Kitchen: /opt/chef-workstation/embedded/lib/ruby/gems/2.7.0/gems/test-kitchen-2.7.2/bin/kitchen:11:in `<top (required)>'
E, [2020-11-25T18:06:46.384596 #13747] ERROR -- Kitchen: /usr/bin/kitchen:352:in `load'
E, [2020-11-25T18:06:46.384603 #13747] ERROR -- Kitchen: /usr/bin/kitchen:352:in `<main>'
E, [2020-11-25T18:06:46.384610 #13747] ERROR -- Kitchen: ----End Backtrace-----
